<?xml version="1.0" encoding="UTF-8"?>
<testng-results ignored="0" total="9" passed="8" failed="1" skipped="0">
  <reporter-output>
  </reporter-output>
  <suite started-at="2021-03-08T08:03:06 UTC" name="Default suite" finished-at="2021-03-08T08:03:11 UTC" duration-ms="4764">
    <groups>
    </groups>
    <test started-at="2021-03-08T08:03:06 UTC" name="Default test" finished-at="2021-03-08T08:03:11 UTC" duration-ms="4764">
      <class name="com.stackroute.muzixmanager.controller.MuzixServiceControllerTest">
        <test-method signature="updatePlaylistTest()[pri:1, instance:com.stackroute.muzixmanager.controller.MuzixServiceControllerTest@70e8f8e]" started-at="2021-03-08T08:03:06 UTC" name="updatePlaylistTest" finished-at="2021-03-08T08:03:10 UTC" duration-ms="3301" status="PASS">
          <reporter-output>
          </reporter-output>
        </test-method> <!-- updatePlaylistTest -->
        <test-method signature="deletePlaylistTest()[pri:2, instance:com.stackroute.muzixmanager.controller.MuzixServiceControllerTest@70e8f8e]" started-at="2021-03-08T08:03:10 UTC" name="deletePlaylistTest" finished-at="2021-03-08T08:03:10 UTC" duration-ms="212" status="PASS">
          <reporter-output>
          </reporter-output>
        </test-method> <!-- deletePlaylistTest -->
        <test-method signature="getPlaylistTest()[pri:3, instance:com.stackroute.muzixmanager.controller.MuzixServiceControllerTest@70e8f8e]" started-at="2021-03-08T08:03:10 UTC" name="getPlaylistTest" finished-at="2021-03-08T08:03:10 UTC" duration-ms="327" status="PASS">
          <reporter-output>
          </reporter-output>
        </test-method> <!-- getPlaylistTest -->
        <test-method signature="bookMarkTest()[pri:4, instance:com.stackroute.muzixmanager.controller.MuzixServiceControllerTest@70e8f8e]" started-at="2021-03-08T08:03:10 UTC" name="bookMarkTest" finished-at="2021-03-08T08:03:10 UTC" duration-ms="94" status="PASS">
          <reporter-output>
          </reporter-output>
        </test-method> <!-- bookMarkTest -->
        <test-method signature="saveMuzixTest()[pri:5, instance:com.stackroute.muzixmanager.controller.MuzixServiceControllerTest@70e8f8e]" started-at="2021-03-08T08:03:10 UTC" name="saveMuzixTest" finished-at="2021-03-08T08:03:11 UTC" duration-ms="174" status="PASS">
          <reporter-output>
          </reporter-output>
        </test-method> <!-- saveMuzixTest -->
        <test-method signature="suggestedTest()[pri:6, instance:com.stackroute.muzixmanager.controller.MuzixServiceControllerTest@70e8f8e]" started-at="2021-03-08T08:03:11 UTC" name="suggestedTest" finished-at="2021-03-08T08:03:11 UTC" duration-ms="182" status="PASS">
          <reporter-output>
          </reporter-output>
        </test-method> <!-- suggestedTest -->
        <test-method signature="saveSearchTest()[pri:7, instance:com.stackroute.muzixmanager.controller.MuzixServiceControllerTest@70e8f8e]" started-at="2021-03-08T08:03:11 UTC" name="saveSearchTest" finished-at="2021-03-08T08:03:11 UTC" duration-ms="117" status="PASS">
          <reporter-output>
          </reporter-output>
        </test-method> <!-- saveSearchTest -->
        <test-method signature="getMuzixListTest()[pri:10, instance:com.stackroute.muzixmanager.controller.MuzixServiceControllerTest@70e8f8e]" started-at="2021-03-08T08:03:11 UTC" name="getMuzixListTest" finished-at="2021-03-08T08:03:11 UTC" duration-ms="119" status="PASS">
          <reporter-output>
          </reporter-output>
        </test-method> <!-- getMuzixListTest -->
        <test-method signature="deletePlaylistFailureTest()[pri:11, instance:com.stackroute.muzixmanager.controller.MuzixServiceControllerTest@70e8f8e]" started-at="2021-03-08T08:03:11 UTC" name="deletePlaylistFailureTest" finished-at="2021-03-08T08:03:11 UTC" duration-ms="112" status="FAIL">
          <exception class="java.lang.AssertionError">
            <message>
              <![CDATA[1 expectation failed.
Expected status code <409> but was <201>.
]]>
            </message>
            <full-stacktrace>
              <![CDATA[java.lang.AssertionError: 1 expectation failed.
Expected status code <409> but was <201>.

at java.base/jdk.internal.reflect.NativeConstructorAccessorImpl.newInstance0(Native Method)
at java.base/jdk.internal.reflect.NativeConstructorAccessorImpl.newInstance(NativeConstructorAccessorImpl.java:62)
at java.base/jdk.internal.reflect.DelegatingConstructorAccessorImpl.newInstance(DelegatingConstructorAccessorImpl.java:45)
at java.base/java.lang.reflect.Constructor.newInstance(Constructor.java:490)
at org.codehaus.groovy.reflection.CachedConstructor.invoke(CachedConstructor.java:83)
at org.codehaus.groovy.reflection.CachedConstructor.doConstructorInvoke(CachedConstructor.java:77)
at org.codehaus.groovy.runtime.callsite.ConstructorSite$ConstructorSiteNoUnwrap.callConstructor(ConstructorSite.java:84)
at org.codehaus.groovy.runtime.callsite.CallSiteArray.defaultCallConstructor(CallSiteArray.java:59)
at org.codehaus.groovy.runtime.callsite.AbstractCallSite.callConstructor(AbstractCallSite.java:237)
at org.codehaus.groovy.runtime.callsite.AbstractCallSite.callConstructor(AbstractCallSite.java:249)
at io.restassured.internal.ResponseSpecificationImpl$HamcrestAssertionClosure.validate(ResponseSpecificationImpl.groovy:494)
at io.restassured.internal.ResponseSpecificationImpl$HamcrestAssertionClosure$validate$1.call(Unknown Source)
at io.restassured.internal.ResponseSpecificationImpl.validateResponseIfRequired(ResponseSpecificationImpl.groovy:656)
at java.base/jdk.internal.reflect.NativeMethodAccessorImpl.invoke0(Native Method)
at java.base/jdk.internal.reflect.NativeMethodAccessorImpl.invoke(NativeMethodAccessorImpl.java:62)
at java.base/jdk.internal.reflect.DelegatingMethodAccessorImpl.invoke(DelegatingMethodAccessorImpl.java:43)
at java.base/java.lang.reflect.Method.invoke(Method.java:566)
at org.codehaus.groovy.runtime.callsite.PlainObjectMetaMethodSite.doInvoke(PlainObjectMetaMethodSite.java:43)
at org.codehaus.groovy.runtime.callsite.PogoMetaMethodSite$PogoCachedMethodSiteNoUnwrapNoCoerce.invoke(PogoMetaMethodSite.java:190)
at org.codehaus.groovy.runtime.callsite.PogoMetaMethodSite.callCurrent(PogoMetaMethodSite.java:58)
at org.codehaus.groovy.runtime.callsite.AbstractCallSite.callCurrent(AbstractCallSite.java:168)
at io.restassured.internal.ResponseSpecificationImpl.statusCode(ResponseSpecificationImpl.groovy:125)
at io.restassured.specification.ResponseSpecification$statusCode$0.callCurrent(Unknown Source)
at io.restassured.internal.ResponseSpecificationImpl.statusCode(ResponseSpecificationImpl.groovy:133)
at io.restassured.internal.ValidatableResponseOptionsImpl.statusCode(ValidatableResponseOptionsImpl.java:119)
at com.stackroute.muzixmanager.controller.MuzixServiceControllerTest.deletePlaylistFailureTest(MuzixServiceControllerTest.java:232)
at java.base/jdk.internal.reflect.NativeMethodAccessorImpl.invoke0(Native Method)
at java.base/jdk.internal.reflect.NativeMethodAccessorImpl.invoke(NativeMethodAccessorImpl.java:62)
at java.base/jdk.internal.reflect.DelegatingMethodAccessorImpl.invoke(DelegatingMethodAccessorImpl.java:43)
at java.base/java.lang.reflect.Method.invoke(Method.java:566)
at org.testng.internal.MethodInvocationHelper.invokeMethod(MethodInvocationHelper.java:132)
at org.testng.internal.TestInvoker.invokeMethod(TestInvoker.java:599)
at org.testng.internal.TestInvoker.invokeTestMethod(TestInvoker.java:174)
at org.testng.internal.MethodRunner.runInSequence(MethodRunner.java:46)
at org.testng.internal.TestInvoker$MethodInvocationAgent.invoke(TestInvoker.java:822)
at org.testng.internal.TestInvoker.invokeTestMethods(TestInvoker.java:147)
at org.testng.internal.TestMethodWorker.invokeTestMethods(TestMethodWorker.java:146)
at org.testng.internal.TestMethodWorker.run(TestMethodWorker.java:128)
at java.base/java.util.ArrayList.forEach(ArrayList.java:1540)
at org.testng.TestRunner.privateRun(TestRunner.java:764)
at org.testng.TestRunner.run(TestRunner.java:585)
at org.testng.SuiteRunner.runTest(SuiteRunner.java:384)
at org.testng.SuiteRunner.runSequentially(SuiteRunner.java:378)
at org.testng.SuiteRunner.privateRun(SuiteRunner.java:337)
at org.testng.SuiteRunner.run(SuiteRunner.java:286)
at org.testng.SuiteRunnerWorker.runSuite(SuiteRunnerWorker.java:53)
at org.testng.SuiteRunnerWorker.run(SuiteRunnerWorker.java:96)
at org.testng.TestNG.runSuitesSequentially(TestNG.java:1218)
at org.testng.TestNG.runSuitesLocally(TestNG.java:1140)
at org.testng.TestNG.runSuites(TestNG.java:1069)
at org.testng.TestNG.run(TestNG.java:1037)
at org.testng.remote.AbstractRemoteTestNG.run(AbstractRemoteTestNG.java:115)
at org.testng.remote.RemoteTestNG.initAndRun(RemoteTestNG.java:251)
at org.testng.remote.RemoteTestNG.main(RemoteTestNG.java:77)
]]>
            </full-stacktrace>
          </exception> <!-- java.lang.AssertionError -->
          <reporter-output>
          </reporter-output>
        </test-method> <!-- deletePlaylistFailureTest -->
      </class> <!-- com.stackroute.muzixmanager.controller.MuzixServiceControllerTest -->
    </test> <!-- Default test -->
  </suite> <!-- Default suite -->
</testng-results>
